<?xml version="1.0" encoding="UTF-8"?>
<testng-results ignored="0" total="2" passed="2" failed="0" skipped="0">
  <reporter-output>
  </reporter-output>
  <suite started-at="2024-08-03T16:25:47 IST" name="Master Suite" finished-at="2024-08-03T16:26:11 IST" duration-ms="24416">
    <groups>
      <group name="Master">
        <method signature="TC001_AccountRegistrationTest.verift_account_registration()[pri:0, instance:testCases.TC001_AccountRegistrationTest@9cd25ff]" name="verift_account_registration" class="testCases.TC001_AccountRegistrationTest"/>
        <method signature="TC002_LoginTest.verify_login()[pri:0, instance:testCases.TC002_LoginTest@6db66836]" name="verify_login" class="testCases.TC002_LoginTest"/>
      </group> <!-- Master -->
      <group name="Sanity">
        <method signature="TC002_LoginTest.verify_login()[pri:0, instance:testCases.TC002_LoginTest@6db66836]" name="verify_login" class="testCases.TC002_LoginTest"/>
      </group> <!-- Sanity -->
      <group name="Regression">
        <method signature="TC001_AccountRegistrationTest.verift_account_registration()[pri:0, instance:testCases.TC001_AccountRegistrationTest@9cd25ff]" name="verift_account_registration" class="testCases.TC001_AccountRegistrationTest"/>
      </group> <!-- Regression -->
    </groups>
    <test started-at="2024-08-03T16:25:47 IST" name="Test" finished-at="2024-08-03T16:26:11 IST" duration-ms="24416">
      <class name="testCases.TC002_LoginTest">
        <test-method is-config="true" signature="setup(java.lang.String,java.lang.String)[pri:0, instance:testCases.TC002_LoginTest@6db66836]" started-at="2024-08-03T16:26:02 IST" name="setup" finished-at="2024-08-03T16:26:05 IST" duration-ms="2935" status="PASS">
          <params>
            <param index="0">
              <value>
                <![CDATA[windows]]>
              </value>
            </param>
            <param index="1">
              <value>
                <![CDATA[chrome]]>
              </value>
            </param>
          </params>
          <reporter-output>
          </reporter-output>
        </test-method> <!-- setup -->
        <test-method signature="verify_login()[pri:0, instance:testCases.TC002_LoginTest@6db66836]" started-at="2024-08-03T16:26:05 IST" name="verify_login" finished-at="2024-08-03T16:26:11 IST" duration-ms="5934" status="PASS">
          <reporter-output>
          </reporter-output>
        </test-method> <!-- verify_login -->
        <test-method is-config="true" signature="teardown()[pri:0, instance:testCases.TC002_LoginTest@6db66836]" started-at="2024-08-03T16:26:11 IST" name="teardown" finished-at="2024-08-03T16:26:11 IST" duration-ms="295" status="PASS">
          <reporter-output>
          </reporter-output>
        </test-method> <!-- teardown -->
      </class> <!-- testCases.TC002_LoginTest -->
      <class name="testCases.TC001_AccountRegistrationTest">
        <test-method is-config="true" signature="setup(java.lang.String,java.lang.String)[pri:0, instance:testCases.TC001_AccountRegistrationTest@9cd25ff]" started-at="2024-08-03T16:25:47 IST" name="setup" finished-at="2024-08-03T16:25:57 IST" duration-ms="9433" status="PASS">
          <params>
            <param index="0">
              <value>
                <![CDATA[windows]]>
              </value>
            </param>
            <param index="1">
              <value>
                <![CDATA[chrome]]>
              </value>
            </param>
          </params>
          <reporter-output>
          </reporter-output>
        </test-method> <!-- setup -->
        <test-method signature="verift_account_registration()[pri:0, instance:testCases.TC001_AccountRegistrationTest@9cd25ff]" started-at="2024-08-03T16:25:57 IST" name="verift_account_registration" finished-at="2024-08-03T16:26:01 IST" duration-ms="4752" status="PASS">
          <reporter-output>
          </reporter-output>
        </test-method> <!-- verift_account_registration -->
        <test-method is-config="true" signature="teardown()[pri:0, instance:testCases.TC001_AccountRegistrationTest@9cd25ff]" started-at="2024-08-03T16:26:01 IST" name="teardown" finished-at="2024-08-03T16:26:02 IST" duration-ms="684" status="PASS">
          <reporter-output>
          </reporter-output>
        </test-method> <!-- teardown -->
      </class> <!-- testCases.TC001_AccountRegistrationTest -->
    </test> <!-- Test -->
  </suite> <!-- Master Suite -->
</testng-results>
